<?xml version="1.0" encoding="UTF-8"?>
<!-- Generated by org.testng.reporters.JUnitReportReporter -->
<testsuite hostname="admin-PC" name="demo.OrderingTestSample" tests="1" failures="0" timestamp="26 Aug 2015 11:19:42 GMT" time="0.041" errors="0">
  <testcase name="loginTest" time="0.041" classname="demo.OrderingTestSample"/>
</testsuite> <!-- demo.OrderingTestSample -->
